<?xml version="1.0" encoding="UTF-8"?>
<!-- Generated by org.testng.reporters.JUnitReportReporter -->
<testsuite skipped="0" hostname="Ramya" name="com.crm.qa.testcases.HomePageTest" tests="3" failures="0" timestamp="24 Jun 2018 11:48:29 GMT" time="124.229" errors="0">
  <testcase name="verifyHomePageTitleTest" time="29.879" classname="com.crm.qa.testcases.HomePageTest"/>
  <testcase name="verifyUserNameTest" time="36.348" classname="com.crm.qa.testcases.HomePageTest"/>
  <testcase name="verifyContactsLinkTest" time="58.002" classname="com.crm.qa.testcases.HomePageTest"/>
</testsuite> <!-- com.crm.qa.testcases.HomePageTest -->
